Copyright 1986-2017 Xilinx, Inc. All Rights Reserved.
------------------------------------------------------------------------------------
| Tool Version : Vivado v.2017.3 (win64) Build 2018833 Wed Oct  4 19:58:22 MDT 2017
| Date         : Wed Oct 21 10:05:00 2020
| Host         : DESKTOP-VITUE5T running 64-bit major release  (build 9200)
| Command      : report_control_sets -file main_control_sets_placed.rpt
| Design       : main
| Device       : xc7a50t
------------------------------------------------------------------------------------

Control Set Information

Table of Contents
-----------------
1. Summary
2. Flip-Flop Distribution

1. Summary
----------

+-------------------------------+-------+
|             Status            | Count |
+-------------------------------+-------+
| Number of unique control sets |    16 |
+-------------------------------+-------+


2. Flip-Flop Distribution
-------------------------

+--------------+-----------------------+------------------------+-----------------+--------------+
| Clock Enable | Synchronous Set/Reset | Asynchronous Set/Reset | Total Registers | Total Slices |
+--------------+-----------------------+------------------------+-----------------+--------------+
| No           | No                    | No                     |              16 |            9 |
| No           | No                    | Yes                    |              12 |            5 |
| No           | Yes                   | No                     |              18 |            5 |
| Yes          | No                    | No                     |              28 |           11 |
| Yes          | No                    | Yes                    |               0 |            0 |
| Yes          | Yes                   | No                     |              34 |           12 |
+--------------+-----------------------+------------------------+-----------------+--------------+


